<?xml version="1.0" encoding="UTF-8"?>
<!-- Generated by org.testng.reporters.JUnitReportReporter -->
<testsuite hostname="TINMAA-LWX-0026" failures="0" tests="1" name="com.testExecution.RunnerClass" time="59.102" errors="0" timestamp="2024-03-13T17:04:10 IST" skipped="0">
  <testcase classname="com.testExecution.RunnerClass" name="testGL" time="59.102"/>
</testsuite> <!-- com.testExecution.RunnerClass -->
